README.md

action.php

action_handler.php

argument.php

arithmetic.php

array.php

breakcontinue.php

change.log

comparision.php

connectDB.php

constant.php

easy.php

forloop.php

function.php

hidden.php
*created 21.10.2020

hidden_handler.php
*created 21.10.2020

html-template.html

ifelse.php

isset.php
created 18.10.2020  as part of mini project

isset_handler.php
created 18.10.2020  as part of mini project

logic.php

matrix.php

require.php

return.php

sort.php

switch.php

template.php

valid.php
*created 19.10.2020 as a part in mini project

valid_handler.php 
*created 19.10.2020 as part of mini project
*20.10.2020 past tests and it is working now

whileloop.php
